<?xml version="1.0" encoding="UTF-8"?>
<coverage generated="1639711931540" clover="3.2.0">
  <project timestamp="1639711931540" name="All files">
    <metrics statements="19" coveredstatements="16" conditionals="1" coveredconditionals="0" methods="7" coveredmethods="5" elements="27" coveredelements="21" complexity="0" loc="19" ncloc="19" packages="1" files="1" classes="1"/>
    <file name="Utils.ts" path="/Users/jirehmaddox/Desktop/teamWork/workingLND/LND/src/app/Utils.ts">
      <metrics statements="19" coveredstatements="16" conditionals="1" coveredconditionals="0" methods="7" coveredmethods="5"/>
      <line num="1" count="1" type="stmt"/>
      <line num="3" count="1" type="stmt"/>
      <line num="4" count="1" type="stmt"/>
      <line num="5" count="0" type="cond" truecount="0" falsecount="1"/>
      <line num="6" count="0" type="stmt"/>
      <line num="9" count="1" type="stmt"/>
      <line num="10" count="1" type="stmt"/>
      <line num="12" count="1" type="stmt"/>
      <line num="14" count="2" type="stmt"/>
      <line num="15" count="1" type="stmt"/>
      <line num="16" count="1" type="stmt"/>
      <line num="18" count="3" type="stmt"/>
      <line num="20" count="1" type="stmt"/>
      <line num="21" count="1" type="stmt"/>
      <line num="22" count="1" type="stmt"/>
      <line num="25" count="1" type="stmt"/>
      <line num="27" count="1" type="stmt"/>
      <line num="32" count="1" type="stmt"/>
      <line num="33" count="0" type="stmt"/>
    </file>
  </project>
</coverage>
