{"/Users/jirehmaddox/Desktop/teamWork/workingLND/LND/src/app/Utils.ts": {"path":"/Users/jirehmaddox/Desktop/teamWork/workingLND/LND/src/app/Utils.ts","statementMap":{"0":{"start":{"line":1,"column":0},"end":{"line":1,"column":48}},"1":{"start":{"line":3,"column":0},"end":{"line":3,"column":13}},"2":{"start":{"line":4,"column":15},"end":{"line":7,"column":null}},"3":{"start":{"line":5,"column":2},"end":{"line":5,"column":41}},"4":{"start":{"line":5,"column":12},"end":{"line":5,"column":41}},"5":{"start":{"line":6,"column":2},"end":{"line":6,"column":26}},"6":{"start":{"line":9,"column":15},"end":{"line":11,"column":null}},"7":{"start":{"line":10,"column":2},"end":{"line":10,"column":27}},"8":{"start":{"line":12,"column":0},"end":{"line":12,"column":null}},"9":{"start":{"line":3,"column":13},"end":{"line":3,"column":18}},"10":{"start":{"line":14,"column":13},"end":{"line":14,"column":33}},"11":{"start":{"line":14,"column":30},"end":{"line":14,"column":50}},"12":{"start":{"line":15,"column":10},"end":{"line":15,"column":25}},"13":{"start":{"line":16,"column":11},"end":{"line":16,"column":32}},"14":{"start":{"line":18,"column":16},"end":{"line":18,"column":48}},"15":{"start":{"line":18,"column":47},"end":{"line":18,"column":54}},"16":{"start":{"line":20,"column":10},"end":{"line":20,"column":23}},"17":{"start":{"line":21,"column":11},"end":{"line":21,"column":33}},"18":{"start":{"line":22,"column":11},"end":{"line":22,"column":49}},"19":{"start":{"line":25,"column":18},"end":{"line":25,"column":49}},"20":{"start":{"line":25,"column":48},"end":{"line":25,"column":55}},"21":{"start":{"line":27,"column":20},"end":{"line":27,"column":39}},"22":{"start":{"line":32,"column":0},"end":{"line":34,"column":2}},"23":{"start":{"line":33,"column":1},"end":{"line":33,"column":41}}},"fnMap":{"0":{"name":"(anonymous_0)","decl":{"start":{"line":3,"column":0},"end":{"line":3,"column":13}},"loc":{"start":{"line":3,"column":0},"end":{"line":12,"column":null}}},"1":{"name":"(anonymous_2)","decl":{"start":{"line":4,"column":1},"end":{"line":4,"column":15}},"loc":{"start":{"line":4,"column":35},"end":{"line":7,"column":2}}},"2":{"name":"(anonymous_3)","decl":{"start":{"line":9,"column":1},"end":{"line":9,"column":15}},"loc":{"start":{"line":9,"column":38},"end":{"line":11,"column":2}}},"3":{"name":"(anonymous_4)","decl":{"start":{"line":14,"column":13},"end":{"line":14,"column":17}},"loc":{"start":{"line":14,"column":25},"end":{"line":14,"column":33}}},"4":{"name":"(anonymous_5)","decl":{"start":{"line":18,"column":16},"end":{"line":18,"column":32}},"loc":{"start":{"line":18,"column":42},"end":{"line":18,"column":48}}},"5":{"name":"(anonymous_6)","decl":{"start":{"line":25,"column":18},"end":{"line":25,"column":25}},"loc":{"start":{"line":25,"column":35},"end":{"line":25,"column":49}}},"6":{"name":"(anonymous_7)","decl":{"start":{"line":32,"column":8},"end":{"line":32,"column":9}},"loc":{"start":{"line":32,"column":39},"end":{"line":34,"column":1}}}},"branchMap":{"0":{"loc":{"start":{"line":5,"column":2},"end":{"line":5,"column":41}},"type":"if","locations":[{"start":{"line":5,"column":2},"end":{"line":5,"column":41}}]}},"s":{"0":1,"1":1,"2":1,"3":0,"4":0,"5":0,"6":1,"7":1,"8":1,"9":1,"10":1,"11":2,"12":1,"13":1,"14":1,"15":3,"16":1,"17":1,"18":1,"19":1,"20":1,"21":1,"22":1,"23":0},"f":{"0":1,"1":0,"2":1,"3":2,"4":3,"5":1,"6":0},"b":{"0":[0]}}
}
