TN:
SF:src/app/Utils.ts
FN:3,(anonymous_0)
FN:4,(anonymous_2)
FN:9,(anonymous_3)
FN:14,(anonymous_4)
FN:18,(anonymous_5)
FN:25,(anonymous_6)
FN:32,(anonymous_7)
FNF:7
FNH:5
FNDA:1,(anonymous_0)
FNDA:0,(anonymous_2)
FNDA:1,(anonymous_3)
FNDA:2,(anonymous_4)
FNDA:3,(anonymous_5)
FNDA:1,(anonymous_6)
FNDA:0,(anonymous_7)
DA:1,1
DA:3,1
DA:4,1
DA:5,0
DA:6,0
DA:9,1
DA:10,1
DA:12,1
DA:14,2
DA:15,1
DA:16,1
DA:18,3
DA:20,1
DA:21,1
DA:22,1
DA:25,1
DA:27,1
DA:32,1
DA:33,0
LF:19
LH:16
BRDA:5,0,0,0
BRF:1
BRH:0
end_of_record
